<?xml version="1.0" encoding="utf-8"?><testsuites name="pytest tests"><testsuite name="pytest" errors="0" failures="0" skipped="0" tests="40" time="6.813" timestamp="2026-09-21T12:45:35.592386+00:00" hostname="agent-env-9e15b199-657a-47d1-b7d1-dbd9d01f6117"><testcase classname="tests.test_hardening_phase2" name="test_anti_replay_nonce_rejection" time="0.016" /><testcase classname="tests.backend_test" name="test_status" time="0.221" /><testcase classname="tests.test_hardening_phase2" name="test_webhook_hmac_replay_with_same_nonce" time="0.005" /><testcase classname="tests.test_hardening_phase2" name="test_crypto_at_rest_encryption" time="0.000" /><testcase classname="tests.test_hardening_phase2" name="test_rate_limiter_interface" time="0.000" /><testcase classname="tests.test_hardening_phase2" name="test_ooxml_valid_structure" time="0.001" /><testcase classname="tests.test_hardening_phase2" name="test_ooxml_fake_zip_missing_workbook" time="0.000" /><testcase classname="tests.test_hardening_phase2" name="test_zip_bomb_too_many_entries_protection" time="0.007" /><testcase classname="tests.test_hardening_phase2" name="test_stream_parsing_csv" time="0.051" /><testcase classname="tests.test_csv_dialect" name="test_detect_comma_csv" time="0.000" /><testcase classname="tests.test_csv_dialect" name="test_detect_semicolon_european_csv" time="0.000" /><testcase classname="tests.test_csv_dialect" name="test_detect_tab_tsv" time="0.000" /><testcase classname="tests.test_csv_dialect" name="test_detect_pipe_delimited" time="0.000" /><testcase classname="tests.test_csv_dialect" name="test_manual_override_delimiter" time="0.000" /><testcase classname="tests.test_csv_dialect" name="test_utf8_bom_detection" time="0.001" /><testcase classname="tests.test_hardening_security" name="test_hmac_valid_and_invalid_signature" time="0.005" /><testcase classname="tests.test_hardening_security" name="test_hmac_replay_attack_protection" time="0.000" /><testcase classname="tests.test_hardening_security" name="test_webhook_drop_with_hmac" time="0.035" /><testcase classname="tests.test_hardening_security" name="test_recipe_ownership_authorization" time="0.031" /><testcase classname="tests.test_hardening_security" name="test_batch_partial_results_and_manifest" time="0.034" /><testcase classname="tests.test_storage_adapters" name="test_local_storage_adapter_crud" time="0.000" /><testcase classname="tests.test_storage_adapters" name="test_storage_ttl_cleanup" time="0.000" /><testcase classname="tests.test_storage_adapters" name="test_vercel_blob_adapter_fallback_contract" time="0.000" /><testcase classname="tests.test_storage_adapters" name="test_s3_adapter_contract" time="0.000" /><testcase classname="tests.backend_test" name="test_login_demo" time="0.170" /><testcase classname="tests.backend_test" name="test_login_invalid" time="0.164" /><testcase classname="tests.backend_test" name="test_auth_me" time="0.250" /><testcase classname="tests.backend_test" name="test_register_and_logout" time="0.409" /><testcase classname="tests.backend_test" name="test_sample_erp" time="0.090" /><testcase classname="tests.backend_test" name="test_analyze_erp" time="0.079" /><testcase classname="tests.backend_test" name="test_preview_recalc" time="0.167" /><testcase classname="tests.backend_test" name="test_export_xlsx" time="0.179" /><testcase classname="tests.backend_test" name="test_export_csv" time="0.169" /><testcase classname="tests.backend_test" name="test_recipes_crud" time="0.610" /><testcase classname="tests.backend_test" name="test_recipes_requires_auth" time="0.132" /><testcase classname="tests.backend_test" name="test_upload_csv" time="0.075" /><testcase classname="tests.backend_test" name="test_batch_process_and_zip_download" time="0.174" /><testcase classname="tests.backend_test" name="test_batch_download_not_found" time="0.073" /><testcase classname="tests.backend_test" name="test_automations_requires_auth" time="0.307" /><testcase classname="tests.backend_test" name="test_create_list_delete_automation_and_webhook_drop" time="1.084" /></testsuite></testsuites>